Arguments: 
  /usr/local/bin/node /Users/wuguanggui/.npm-global/bin/yarn add moment inquirer shelljs ora compressiong node-ssh string-random

PATH: 
  /Users/wuguanggui/.npm-global/bin/:/usr/local/bin:/usr/bin:/bin:/usr/sbin:/sbin:/Users/wuguanggui/.npm-global/bin/

Yarn version: 
  1.21.1

Node version: 
  12.14.0

Platform: 
  darwin x64

Trace: 
  Error: https://registry.npm.taobao.org/compressiong: Not found
      at Request.params.callback [as _callback] (/Users/wuguanggui/.npm-global/lib/node_modules/yarn/lib/cli.js:66947:18)
      at Request.self.callback (/Users/wuguanggui/.npm-global/lib/node_modules/yarn/lib/cli.js:140665:22)
      at Request.emit (events.js:210:5)
      at Request.<anonymous> (/Users/wuguanggui/.npm-global/lib/node_modules/yarn/lib/cli.js:141637:10)
      at Request.emit (events.js:210:5)
      at IncomingMessage.<anonymous> (/Users/wuguanggui/.npm-global/lib/node_modules/yarn/lib/cli.js:141559:12)
      at Object.onceWrapper (events.js:299:28)
      at IncomingMessage.emit (events.js:215:7)
      at endReadableNT (_stream_readable.js:1184:12)
      at processTicksAndRejections (internal/process/task_queues.js:80:21)

npm manifest: 
  {
    "name": "deploy",
    "version": "1.0.0",
    "description": "automatic deploy",
    "main": "index.js",
    "scripts": {
      "test": "echo \"Error: no test specified\" && exit 1"
    },
    "keywords": [
      "node",
      "deploy",
      "javascript"
    ],
    "author": "wuguanggui",
    "license": "ISC"
  }

yarn manifest: 
  No manifest

Lockfile: 
  No lockfile
